<?xml version="1.0" encoding="UTF-8"?>
<!-- Generated by org.testng.reporters.JUnitReportReporter -->
<testsuite hostname="e2m-mac-181.local" failures="0" tests="1" name="com.example.framework.tests.SampleTest" time="6.110" errors="0" timestamp="2025-09-10T18:39:08 IST" skipped="0">
  <testcase classname="com.example.framework.tests.SampleTest" name="titleShouldNotBeEmpty" time="6.110"/>
</testsuite> <!-- com.example.framework.tests.SampleTest -->
